<?xml version="1.0" encoding="UTF-8"?>
<testsuite name="tests.LoginTest" tests="2" skipped="0" failures="0" errors="0" timestamp="2022-07-30T13:56:19" hostname="DESKTOP-BOJHOAI" time="7.464">
  <properties/>
  <testcase name="loginPositiveTestModel" classname="tests.LoginTest" time="3.683"/>
  <testcase name="loginPositiveTestString" classname="tests.LoginTest" time="3.591"/>
  <system-out><![CDATA[]]></system-out>
  <system-err><![CDATA[]]></system-err>
</testsuite>
